wear/build/intermediates/manifest_merge_blame_file/debug/processDebugMainManifest/manifest-merger-blame-debug-report.txt
1<?xml version="1.0" encoding="utf-8"?>
2<manifest xmlns:android="http://schemas.android.com/apk/res/android"
3    package="ro.pub.cs.system.eim.aplicatie_hack"
4    android:versionCode="1"
5    android:versionName="1.0" >
6
7    <uses-sdk
8        android:minSdkVersion="30"
9        android:targetSdkVersion="36" />
10
11    <!-- Hardware watch feature — identifică APK-ul ca aplicație Wear OS -->
12    <uses-feature android:name="android.hardware.type.watch" />
12-->src\main\AndroidManifest.xml:6:5-64
12-->src\main\AndroidManifest.xml:6:19-61
13
14    <uses-permission android:name="android.permission.VIBRATE" />
14-->src\main\AndroidManifest.xml:8:5-66
14-->src\main\AndroidManifest.xml:8:22-63
15    <uses-permission android:name="android.permission.BODY_SENSORS" />
15-->src\main\AndroidManifest.xml:9:5-71
15-->src\main\AndroidManifest.xml:9:22-68
16    <uses-permission android:name="android.permission.FOREGROUND_SERVICE" />
16-->src\main\AndroidManifest.xml:10:5-77
16-->src\main\AndroidManifest.xml:10:22-74
17    <!-- API 34+ necesită tipul de foreground service declarat explicit -->
18    <uses-permission android:name="android.permission.FOREGROUND_SERVICE_HEALTH" />
18-->src\main\AndroidManifest.xml:12:5-84
18-->src\main\AndroidManifest.xml:12:22-81
19    <!-- Cerută de FOREGROUND_SERVICE_TYPE_HEALTH pe API 34+ pentru accesul la senzori -->
20    <uses-permission android:name="android.permission.HIGH_SAMPLING_RATE_SENSORS" />
20-->src\main\AndroidManifest.xml:14:5-85
20-->src\main\AndroidManifest.xml:14:22-82
21    <uses-permission android:name="android.permission.WAKE_LOCK" />
21-->src\main\AndroidManifest.xml:15:5-68
21-->src\main\AndroidManifest.xml:15:22-65
22
23    <permission
23-->[androidx.core:core:1.17.0] AndroidManifest.xml:22:5-24:47
24        android:name="ro.pub.cs.system.eim.aplicatie_hack.DYNAMIC_RECEIVER_NOT_EXPORTED_PERMISSION"
24-->[androidx.core:core:1.17.0] AndroidManifest.xml:23:9-81
25        android:protectionLevel="signature" />
25-->[androidx.core:core:1.17.0] AndroidManifest.xml:24:9-44
26
27    <uses-permission android:name="ro.pub.cs.system.eim.aplicatie_hack.DYNAMIC_RECEIVER_NOT_EXPORTED_PERMISSION" />
27-->[androidx.core:core:1.17.0] AndroidManifest.xml:26:5-97
27-->[androidx.core:core:1.17.0] AndroidManifest.xml:26:22-94
28
29    <application
29-->src\main\AndroidManifest.xml:17:5-66:19
30        android:allowBackup="true"
30-->src\main\AndroidManifest.xml:18:9-35
31        android:appComponentFactory="androidx.core.app.CoreComponentFactory"
31-->[androidx.core:core:1.17.0] AndroidManifest.xml:28:18-86
32        android:debuggable="true"
33        android:extractNativeLibs="false"
34        android:label="@string/app_name"
34-->src\main\AndroidManifest.xml:19:9-41
35        android:supportsRtl="true"
35-->src\main\AndroidManifest.xml:20:9-35
36        android:testOnly="true"
37        android:theme="@android:style/Theme.DeviceDefault" >
37-->src\main\AndroidManifest.xml:21:9-59
38        <uses-library
38-->src\main\AndroidManifest.xml:23:9-25:39
39            android:name="com.google.android.wearable"
39-->src\main\AndroidManifest.xml:24:13-55
40            android:required="true" />
40-->src\main\AndroidManifest.xml:25:13-36
41
42        <!-- Activity principală ceas -->
43        <activity
43-->src\main\AndroidManifest.xml:28:9-36:20
44            android:name="ro.pub.cs.system.eim.aplicatie_hack.wear.WatchMainActivity"
44-->src\main\AndroidManifest.xml:29:13-46
45            android:exported="true"
45-->src\main\AndroidManifest.xml:30:13-36
46            android:taskAffinity="" >
46-->src\main\AndroidManifest.xml:31:13-36
47            <intent-filter>
47-->src\main\AndroidManifest.xml:32:13-35:29
48                <action android:name="android.intent.action.MAIN" />
48-->src\main\AndroidManifest.xml:33:17-69
48-->src\main\AndroidManifest.xml:33:25-66
49
50                <category android:name="android.intent.category.LAUNCHER" />
50-->src\main\AndroidManifest.xml:34:17-77
50-->src\main\AndroidManifest.xml:34:27-74
51            </intent-filter>
52        </activity>
53
54        <!-- Activity alertă cădere: apare pe ecranul de blocare, aprinde ecranul -->
55        <activity
55-->src\main\AndroidManifest.xml:39:9-44:43
56            android:name="ro.pub.cs.system.eim.aplicatie_hack.wear.FallAlertActivity"
56-->src\main\AndroidManifest.xml:40:13-46
57            android:exported="false"
57-->src\main\AndroidManifest.xml:41:13-37
58            android:showOnLockScreen="true"
58-->src\main\AndroidManifest.xml:42:13-44
59            android:taskAffinity=""
59-->src\main\AndroidManifest.xml:43:13-36
60            android:turnScreenOn="true" />
60-->src\main\AndroidManifest.xml:44:13-40
61
62        <!-- Serviciu detecție cădere: rulează continuu în background -->
63        <service
63-->src\main\AndroidManifest.xml:47:9-50:54
64            android:name="ro.pub.cs.system.eim.aplicatie_hack.wear.service.FallDetectionService"
64-->src\main\AndroidManifest.xml:48:13-57
65            android:exported="false"
65-->src\main\AndroidManifest.xml:49:13-37
66            android:foregroundServiceType="health" />
66-->src\main\AndroidManifest.xml:50:13-51
67
68        <!-- Listener mesaje haptic de la telefon -->
69        <service
69-->src\main\AndroidManifest.xml:53:9-64:19
70            android:name="ro.pub.cs.system.eim.aplicatie_hack.wear.service.WatchDataLayerService"
70-->src\main\AndroidManifest.xml:54:13-58
71            android:exported="true" >
71-->src\main\AndroidManifest.xml:55:13-36
72            <intent-filter>
72-->src\main\AndroidManifest.xml:57:13-63:29
73                <action android:name="com.google.android.gms.wearable.MESSAGE_RECEIVED" />
73-->src\main\AndroidManifest.xml:58:17-91
73-->src\main\AndroidManifest.xml:58:25-88
74
75                <data
75-->src\main\AndroidManifest.xml:59:17-62:45
76                    android:host="*"
76-->src\main\AndroidManifest.xml:60:21-37
77                    android:pathPrefix="/haptic"
77-->src\main\AndroidManifest.xml:61:21-49
78                    android:scheme="wear" />
78-->src\main\AndroidManifest.xml:62:21-42
79            </intent-filter>
80        </service>
81
82        <activity
82-->[com.google.android.gms:play-services-base:18.5.0] AndroidManifest.xml:5:9-173
83            android:name="com.google.android.gms.common.api.GoogleApiActivity"
83-->[com.google.android.gms:play-services-base:18.5.0] AndroidManifest.xml:5:19-85
84            android:exported="false"
84-->[com.google.android.gms:play-services-base:18.5.0] AndroidManifest.xml:5:146-170
85            android:theme="@android:style/Theme.Translucent.NoTitleBar" />
85-->[com.google.android.gms:play-services-base:18.5.0] AndroidManifest.xml:5:86-145
86
87        <uses-library
87-->[androidx.wear.compose:compose-foundation:1.4.0] AndroidManifest.xml:23:9-25:40
88            android:name="wear-sdk"
88-->[androidx.wear.compose:compose-foundation:1.4.0] AndroidManifest.xml:24:13-36
89            android:required="false" />
89-->[androidx.wear.compose:compose-foundation:1.4.0] AndroidManifest.xml:25:13-37
90
91        <provider
91-->[androidx.emoji2:emoji2:1.4.0] AndroidManifest.xml:24:9-32:20
92            android:name="androidx.startup.InitializationProvider"
92-->[androidx.emoji2:emoji2:1.4.0] AndroidManifest.xml:25:13-67
93            android:authorities="ro.pub.cs.system.eim.aplicatie_hack.androidx-startup"
93-->[androidx.emoji2:emoji2:1.4.0] AndroidManifest.xml:26:13-68
94            android:exported="false" >
94-->[androidx.emoji2:emoji2:1.4.0] AndroidManifest.xml:27:13-37
95            <meta-data
95-->[androidx.emoji2:emoji2:1.4.0] AndroidManifest.xml:29:13-31:52
96                android:name="androidx.emoji2.text.EmojiCompatInitializer"
96-->[androidx.emoji2:emoji2:1.4.0] AndroidManifest.xml:30:17-75
97                android:value="androidx.startup" />
97-->[androidx.emoji2:emoji2:1.4.0] AndroidManifest.xml:31:17-49
98            <meta-data
98-->[androidx.lifecycle:lifecycle-process:2.9.4] AndroidManifest.xml:29:13-31:52
99                android:name="androidx.lifecycle.ProcessLifecycleInitializer"
99-->[androidx.lifecycle:lifecycle-process:2.9.4] AndroidManifest.xml:30:17-78
100                android:value="androidx.startup" />
100-->[androidx.lifecycle:lifecycle-process:2.9.4] AndroidManifest.xml:31:17-49
101            <meta-data
101-->[androidx.profileinstaller:profileinstaller:1.4.0] AndroidManifest.xml:29:13-31:52
102                android:name="androidx.profileinstaller.ProfileInstallerInitializer"
102-->[androidx.profileinstaller:profileinstaller:1.4.0] AndroidManifest.xml:30:17-85
103                android:value="androidx.startup" />
103-->[androidx.profileinstaller:profileinstaller:1.4.0] AndroidManifest.xml:31:17-49
104        </provider>
105
106        <meta-data
106-->[com.google.android.gms:play-services-basement:18.4.0] AndroidManifest.xml:6:9-122
107            android:name="com.google.android.gms.version"
107-->[com.google.android.gms:play-services-basement:18.4.0] AndroidManifest.xml:6:20-65
108            android:value="@integer/google_play_services_version" />
108-->[com.google.android.gms:play-services-basement:18.4.0] AndroidManifest.xml:6:66-119
109
110        <receiver
110-->[androidx.profileinstaller:profileinstaller:1.4.0] AndroidManifest.xml:34:9-52:20
111            android:name="androidx.profileinstaller.ProfileInstallReceiver"
111-->[androidx.profileinstaller:profileinstaller:1.4.0] AndroidManifest.xml:35:13-76
112            android:directBootAware="false"
112-->[androidx.profileinstaller:profileinstaller:1.4.0] AndroidManifest.xml:36:13-44
113            android:enabled="true"
113-->[androidx.profileinstaller:profileinstaller:1.4.0] AndroidManifest.xml:37:13-35
114            android:exported="true"
114-->[androidx.profileinstaller:profileinstaller:1.4.0] AndroidManifest.xml:38:13-36
115            android:permission="android.permission.DUMP" >
115-->[androidx.profileinstaller:profileinstaller:1.4.0] AndroidManifest.xml:39:13-57
116            <intent-filter>
116-->[androidx.profileinstaller:profileinstaller:1.4.0] AndroidManifest.xml:40:13-42:29
117                <action android:name="androidx.profileinstaller.action.INSTALL_PROFILE" />
117-->[androidx.profileinstaller:profileinstaller:1.4.0] AndroidManifest.xml:41:17-91
117-->[androidx.profileinstaller:profileinstaller:1.4.0] AndroidManifest.xml:41:25-88
118            </intent-filter>
119            <intent-filter>
119-->[androidx.profileinstaller:profileinstaller:1.4.0] AndroidManifest.xml:43:13-45:29
120                <action android:name="androidx.profileinstaller.action.SKIP_FILE" />
120-->[androidx.profileinstaller:profileinstaller:1.4.0] AndroidManifest.xml:44:17-85
120-->[androidx.profileinstaller:profileinstaller:1.4.0] AndroidManifest.xml:44:25-82
121            </intent-filter>
122            <intent-filter>
122-->[androidx.profileinstaller:profileinstaller:1.4.0] AndroidManifest.xml:46:13-48:29
123                <action android:name="androidx.profileinstaller.action.SAVE_PROFILE" />
123-->[androidx.profileinstaller:profileinstaller:1.4.0] AndroidManifest.xml:47:17-88
123-->[androidx.profileinstaller:profileinstaller:1.4.0] AndroidManifest.xml:47:25-85
124            </intent-filter>
125            <intent-filter>
125-->[androidx.profileinstaller:profileinstaller:1.4.0] AndroidManifest.xml:49:13-51:29
126                <action android:name="androidx.profileinstaller.action.BENCHMARK_OPERATION" />
126-->[androidx.profileinstaller:profileinstaller:1.4.0] AndroidManifest.xml:50:17-95
126-->[androidx.profileinstaller:profileinstaller:1.4.0] AndroidManifest.xml:50:25-92
127            </intent-filter>
128        </receiver>
129    </application>
130
131</manifest>